<?xml version="1.0" encoding="utf-8"?><testsuites name="pytest tests"><testsuite name="pytest" errors="0" failures="0" skipped="0" tests="5" time="16.122" timestamp="2026-07-15T16:57:00.078432+00:00" hostname="agent-env-760b038e-b1e0-4f50-9151-904b62c23909"><testcase classname="backend.tests.test_catalog_import_fix.TestCountReflectsLiveFeed" name="test_count_endpoint_not_stale" time="1.430" /><testcase classname="backend.tests.test_catalog_import_fix.TestImportEndpoint" name="test_import_returns_feed_and_total" time="4.443" /><testcase classname="backend.tests.test_catalog_import_fix.TestImportEndpoint" name="test_import_is_idempotent" time="6.439" /><testcase classname="backend.tests.test_catalog_import_fix.TestEditPreservationAcrossImport" name="test_edited_product_survives_reimport" time="3.690" /><testcase classname="backend.tests.test_catalog_import_fix.TestProductsEndpointSeparateFromCatalog" name="test_products_and_catalog_are_separate" time="0.022" /></testsuite></testsuites>