<?xml version="1.0" encoding="utf-8"?><testsuites name="pytest tests"><testsuite name="pytest" errors="0" failures="0" skipped="0" tests="15" time="5.512" timestamp="2026-07-15T16:37:13.367825+00:00" hostname="agent-env-760b038e-b1e0-4f50-9151-904b62c23909"><testcase classname="backend.tests.test_catalog.TestBasics" name="test_health" time="0.227" /><testcase classname="backend.tests.test_catalog.TestBasics" name="test_catalog_requires_auth" time="0.093" /><testcase classname="backend.tests.test_catalog.TestListAndFacets" name="test_list_default" time="0.362" /><testcase classname="backend.tests.test_catalog.TestListAndFacets" name="test_list_pagination_returns_different_products" time="0.112" /><testcase classname="backend.tests.test_catalog.TestListAndFacets" name="test_search_filter" time="0.099" /><testcase classname="backend.tests.test_catalog.TestListAndFacets" name="test_facets" time="0.056" /><testcase classname="backend.tests.test_catalog.TestListAndFacets" name="test_brand_filter_applies" time="0.109" /><testcase classname="backend.tests.test_catalog.TestListAndFacets" name="test_count" time="0.063" /><testcase classname="backend.tests.test_catalog.TestEdit" name="test_edit_and_persist" time="0.336" /><testcase classname="backend.tests.test_catalog.TestExportAndFeed" name="test_add_remove_export_and_public_feed" time="0.258" /><testcase classname="backend.tests.test_catalog.TestExportAndFeed" name="test_feed_bad_token_404" time="0.333" /><testcase classname="backend.tests.test_catalog.TestCsv" name="test_csv_export_shape" time="0.046" /><testcase classname="backend.tests.test_catalog.TestTranslate" name="test_max_20_guard" time="0.047" /><testcase classname="backend.tests.test_catalog.TestTranslate" name="test_translate_real_openai" time="3.178" /><testcase classname="backend.tests.test_catalog.TestRegression" name="test_products_endpoint_unchanged" time="0.071" /></testsuite></testsuites>