<?xml version="1.0" encoding="utf-8"?><testsuites name="pytest tests"><testsuite name="pytest" errors="0" failures="0" skipped="0" tests="13" time="3.054" timestamp="2026-07-01T11:19:53.649698+00:00" hostname="agent-env-760b038e-b1e0-4f50-9151-904b62c23909"><testcase classname="backend.tests.test_projects.TestProjectsCRUD" name="test_create_project_defaults_and_get" time="0.554" /><testcase classname="backend.tests.test_projects.TestProjectsCRUD" name="test_currencies_try_usd" time="0.167" /><testcase classname="backend.tests.test_projects.TestProjectsCRUD" name="test_invalid_customer" time="0.043" /><testcase classname="backend.tests.test_projects.TestProjectsCRUD" name="test_update_project" time="0.124" /><testcase classname="backend.tests.test_projects.TestIncomesExpensesPayments" name="test_add_income_and_summary" time="0.126" /><testcase classname="backend.tests.test_projects.TestIncomesExpensesPayments" name="test_add_expense_with_initial_payment" time="0.084" /><testcase classname="backend.tests.test_projects.TestIncomesExpensesPayments" name="test_add_second_payment_and_recalc" time="0.124" /><testcase classname="backend.tests.test_projects.TestIncomesExpensesPayments" name="test_delete_payment_recalculates" time="0.138" /><testcase classname="backend.tests.test_projects.TestSeparationFromAccounting" name="test_projects_dont_touch_accounting" time="0.331" /><testcase classname="backend.tests.test_projects.TestCascadeDelete" name="test_cascade_deletes_incomes_and_expenses" time="0.217" /><testcase classname="backend.tests.test_projects.TestRBAC" name="test_sales_default_allowed" time="0.657" /><testcase classname="backend.tests.test_projects.TestRBAC" name="test_sales_blocked_when_disabled" time="0.244" /><testcase classname="backend.tests.test_projects.TestUploads" name="test_upload_and_serve_png" time="0.160" /></testsuite></testsuites>