<?xml version="1.0" encoding="utf-8"?><testsuites name="pytest tests"><testsuite name="pytest" errors="0" failures="1" skipped="0" tests="26" time="5.099" timestamp="2026-06-09T00:52:42.699515+00:00" hostname="agent-env-760b038e-b1e0-4f50-9151-904b62c23909"><testcase classname="backend.tests.backend_test.TestAuth" name="test_login_success_sets_cookies" time="0.373" /><testcase classname="backend.tests.backend_test.TestAuth" name="test_login_wrong_password" time="0.402" /><testcase classname="backend.tests.backend_test.TestAuth" name="test_me_requires_cookie" time="0.094" /><testcase classname="backend.tests.backend_test.TestAuth" name="test_me_returns_user" time="0.422" /><testcase classname="backend.tests.backend_test.TestUsers" name="test_admin_can_list_users" time="0.060" /><testcase classname="backend.tests.backend_test.TestUsers" name="test_sales_cannot_list_users" time="0.729" /><testcase classname="backend.tests.backend_test.TestUsers" name="test_sales_cannot_create_user" time="0.053" /><testcase classname="backend.tests.backend_test.TestUsers" name="test_admin_crud_user_lifecycle" time="0.421" /><testcase classname="backend.tests.backend_test.TestCustomers" name="test_list_customers" time="0.519" /><testcase classname="backend.tests.backend_test.TestCustomers" name="test_search_filter" time="0.065" /><testcase classname="backend.tests.backend_test.TestCustomers" name="test_update_customer" time="0.128" /><testcase classname="backend.tests.backend_test.TestCustomers" name="test_customer_quotes_endpoint" time="0.069" /><testcase classname="backend.tests.backend_test.TestProducts" name="test_products_count" time="0.070" /><testcase classname="backend.tests.backend_test.TestProducts" name="test_products_search" time="0.069" /><testcase classname="backend.tests.backend_test.TestProducts" name="test_vat_above_discount_spec" time="0.077"><failure message="AssertionError: {&quot;detail&quot;:[{&quot;type&quot;:&quot;missing&quot;,&quot;loc&quot;:[&quot;body&quot;,&quot;valid_until&quot;],&quot;msg&quot;:&quot;Field required&quot;,&quot;input&quot;:{&quot;customer_id&quot;:&quot;98278278-cfbf-47fe-bb7d-1bb836a88798&quot;,&quot;currency&quot;:&quot;TRY&quot;,&quot;vat_rate&quot;:19.0,&quot;discount_rate&quot;:10.0,&quot;items&quot;:[{&quot;title&quot;:&quot;X&quot;,&quot;code&quot;:&quot;x&quot;,&quot;quantity&quot;:1,&quot;unit_price&quot;:100.0,&quot;discount_percent&quot;:0}],&quot;status&quot;:&quot;taslak&quot;}}]}&#10;assert 422 == 200&#10; +  where 422 = &lt;Response [422]&gt;.status_code">backend/tests/backend_test.py:215: in test_vat_above_discount_spec
    assert r.status_code == 200, r.text
E   AssertionError: {"detail":[{"type":"missing","loc":["body","valid_until"],"msg":"Field required","input":{"customer_id":"98278278-cfbf-47fe-bb7d-1bb836a88798","currency":"TRY","vat_rate":19.0,"discount_rate":10.0,"items":[{"title":"X","code":"x","quantity":1,"unit_price":100.0,"discount_percent":0}],"status":"taslak"}}]}
E   assert 422 == 200
E    +  where 422 = &lt;Response [422]&gt;.status_code</failure></testcase><testcase classname="backend.tests.backend_test.TestQuotes" name="test_stats" time="0.096" /><testcase classname="backend.tests.backend_test.TestQuotes" name="test_create_quote_and_totals" time="0.067" /><testcase classname="backend.tests.backend_test.TestQuotes" name="test_list_with_filters" time="0.066" /><testcase classname="backend.tests.backend_test.TestQuotes" name="test_update_recomputes_totals" time="0.071" /><testcase classname="backend.tests.backend_test.TestQuotes" name="test_revise" time="0.075" /><testcase classname="backend.tests.backend_test.TestQuotes" name="test_email_missing_resend_key" time="0.074" /><testcase classname="backend.tests.backend_test.TestQuotes" name="test_email_with_fake_key_errors" time="0.455" /><testcase classname="backend.tests.backend_test.TestQuotes" name="test_delete_quote" time="0.178" /><testcase classname="backend.tests.backend_test.TestSettings" name="test_admin_gets_full_settings" time="0.065" /><testcase classname="backend.tests.backend_test.TestSettings" name="test_sales_gets_sanitized" time="0.052" /><testcase classname="backend.tests.backend_test.TestSettings" name="test_sales_cannot_update" time="0.179" /></testsuite></testsuites>