<?xml version="1.0" encoding="utf-8"?><testsuites name="pytest tests"><testsuite name="pytest" errors="0" failures="0" skipped="0" tests="42" time="8.115" timestamp="2026-06-15T17:23:58.308737+00:00" hostname="agent-env-760b038e-b1e0-4f50-9151-904b62c23909"><testcase classname="backend.tests.backend_test.TestAuth" name="test_login_success_sets_cookies" time="0.352" /><testcase classname="backend.tests.backend_test.TestAuth" name="test_login_wrong_password" time="0.336" /><testcase classname="backend.tests.backend_test.TestAuth" name="test_me_requires_cookie" time="0.085" /><testcase classname="backend.tests.backend_test.TestAuth" name="test_me_returns_user" time="0.384" /><testcase classname="backend.tests.backend_test.TestUsers" name="test_admin_can_list_users" time="0.047" /><testcase classname="backend.tests.backend_test.TestUsers" name="test_sales_cannot_list_users" time="0.636" /><testcase classname="backend.tests.backend_test.TestUsers" name="test_sales_cannot_create_user" time="0.047" /><testcase classname="backend.tests.backend_test.TestUsers" name="test_admin_crud_user_lifecycle" time="0.665" /><testcase classname="backend.tests.backend_test.TestCustomers" name="test_list_customers" time="0.114" /><testcase classname="backend.tests.backend_test.TestCustomers" name="test_search_filter" time="0.044" /><testcase classname="backend.tests.backend_test.TestCustomers" name="test_update_customer" time="0.101" /><testcase classname="backend.tests.backend_test.TestCustomers" name="test_customer_quotes_endpoint" time="0.052" /><testcase classname="backend.tests.backend_test.TestProducts" name="test_products_count" time="0.064" /><testcase classname="backend.tests.backend_test.TestProducts" name="test_products_search" time="0.050" /><testcase classname="backend.tests.backend_test.TestProducts" name="test_vat_above_discount_spec" time="0.153" /><testcase classname="backend.tests.backend_test.TestQuotes" name="test_stats" time="0.053" /><testcase classname="backend.tests.backend_test.TestQuotes" name="test_create_quote_and_totals" time="0.057" /><testcase classname="backend.tests.backend_test.TestQuotes" name="test_list_with_filters" time="0.050" /><testcase classname="backend.tests.backend_test.TestQuotes" name="test_update_recomputes_totals" time="0.049" /><testcase classname="backend.tests.backend_test.TestQuotes" name="test_revise" time="0.052" /><testcase classname="backend.tests.backend_test.TestQuotes" name="test_email_missing_resend_key" time="0.050" /><testcase classname="backend.tests.backend_test.TestQuotes" name="test_email_with_fake_key_errors" time="0.323" /><testcase classname="backend.tests.backend_test.TestQuotes" name="test_delete_quote" time="0.085" /><testcase classname="backend.tests.backend_test.TestSettings" name="test_admin_gets_full_settings" time="0.054" /><testcase classname="backend.tests.backend_test.TestSettings" name="test_sales_gets_sanitized" time="0.053" /><testcase classname="backend.tests.backend_test.TestSettings" name="test_sales_cannot_update" time="0.048" /><testcase classname="backend.tests.backend_test.TestAccountingCRUD" name="test_create_income" time="0.147" /><testcase classname="backend.tests.backend_test.TestAccountingCRUD" name="test_create_expense" time="0.104" /><testcase classname="backend.tests.backend_test.TestAccountingCRUD" name="test_invalid_kind" time="0.048" /><testcase classname="backend.tests.backend_test.TestAccountingCRUD" name="test_invalid_category" time="0.043" /><testcase classname="backend.tests.backend_test.TestAccountingCRUD" name="test_update_persists" time="0.135" /><testcase classname="backend.tests.backend_test.TestAccountingCRUD" name="test_delete_returns_404_after" time="0.135" /><testcase classname="backend.tests.backend_test.TestAccountingFiltersStats" name="test_date_range_filter" time="0.326" /><testcase classname="backend.tests.backend_test.TestAccountingFiltersStats" name="test_search_by_description" time="0.132" /><testcase classname="backend.tests.backend_test.TestAccountingFiltersStats" name="test_search_by_category_code_via_cats" time="0.132" /><testcase classname="backend.tests.backend_test.TestAccountingFiltersStats" name="test_pagination" time="1.077" /><testcase classname="backend.tests.backend_test.TestAccountingFiltersStats" name="test_stats_totals_and_monthly" time="0.314" /><testcase classname="backend.tests.backend_test.TestAccountingRBAC" name="test_muhasebe_role_allowed_in_users" time="0.314" /><testcase classname="backend.tests.backend_test.TestAccountingRBAC" name="test_sales_default_can_access" time="0.052" /><testcase classname="backend.tests.backend_test.TestAccountingRBAC" name="test_muhasebe_can_access" time="0.405" /><testcase classname="backend.tests.backend_test.TestAccountingRBAC" name="test_sales_blocked_when_disabled_in_settings" time="0.237" /><testcase classname="backend.tests.backend_test.TestAccountingRBAC" name="test_settings_persists_accounting_visible_roles" time="0.325" /></testsuite></testsuites>