<?xml version="1.0" encoding="utf-8"?><testsuites name="pytest tests"><testsuite name="pytest" errors="0" failures="0" skipped="0" tests="8" time="4.254" timestamp="2026-07-15T15:00:14.124093+00:00" hostname="agent-env-760b038e-b1e0-4f50-9151-904b62c23909"><testcase classname="backend.tests.test_translate_fix" name="test_health" time="0.155" /><testcase classname="backend.tests.test_translate_fix" name="test_admin_login_success" time="0.362" /><testcase classname="backend.tests.test_translate_fix" name="test_translate_de" time="2.198" /><testcase classname="backend.tests.test_translate_fix" name="test_translate_tr" time="1.190" /><testcase classname="backend.tests.test_translate_fix" name="test_translate_requires_auth" time="0.093" /><testcase classname="backend.tests.test_translate_fix" name="test_translate_invalid_lang" time="0.048" /><testcase classname="backend.tests.test_translate_fix" name="test_quotes_list" time="0.067" /><testcase classname="backend.tests.test_translate_fix" name="test_customers_list" time="0.059" /></testsuite></testsuites>